./client_side/client_event.c:33: MINOR:C-G2
./client_side/client_loop.c:32: MAJOR:C-L1
./client_side/client_loop.c:52: MINOR:C-L6
./client_side/client_loop.c:53: MINOR:C-L6
./client_side/client_loop.c:55: MINOR:C-L3
./client_side/client_loop.c:60: MAJOR:C-C1
./client_side/client_loop.c:66: MAJOR:C-C1
./client_side/client_start.c:17: MAJOR:C-L1
./client_side/client_start.c:34: MINOR:C-L6
./client_side/client_start.c:45: MINOR:C-L3
./client_side/client_start.c:53: INFO:C-A3
./client_side/commands.c:22: MINOR:C-L6
./client_side/commands/command_channel.c:12: MINOR:C-L2
./client_side/commands/command_handling.c:12: MINOR:C-L2
./client_side/commands/command_handling.c:13: MINOR:C-L2
./client_side/commands/command_handling.c:64: MAJOR:C-C1
./client_side/commands/command_handling.c:68: MINOR:C-G7
./client_side/commands/command_list.c:13: MINOR:C-L2
./client_side/commands/command_user.c:38: MAJOR:C-C1
./client_side/commands/command_user.c:40: MAJOR:C-C1
./include/client.h:24: MAJOR:C-G4
./include/client.h:27: MINOR:C-V1
./include/server.h:32: MAJOR:C-G4
./include/server.h:34: MINOR:C-V1
./include/server.h:36: MAJOR:C-H1
./include/struct.h:24: MINOR:C-L2
./include/struct.h:25: MINOR:C-L2
./include/struct.h:26: MINOR:C-L2
./include/struct.h:27: MINOR:C-L2
./include/struct.h:28: MINOR:C-L2
./include/struct.h:31: MINOR:C-L2
./include/struct.h:32: MINOR:C-L2
./include/struct.h:33: MINOR:C-L2
./include/struct.h:34: MINOR:C-L2
./include/struct.h:35: MINOR:C-L2
./include/struct.h:51: MINOR:C-L2
./include/struct.h:56: MINOR:C-L2
./libs/myteams/libmyteams.so:1: MAJOR:C-O1
./libs/myteams/logging_client.h:1: MINOR:C-G1
./libs/myteams/logging_client.h:9: MINOR:C-G3
./libs/myteams/logging_client.h:11: MINOR:C-G3
./libs/myteams/logging_client.h:32: MAJOR:C-F3
./libs/myteams/logging_client.h:36: MAJOR:C-F3
./libs/myteams/logging_client.h:53: MAJOR:C-F3
./libs/myteams/logging_client.h:63: MAJOR:C-F3
./libs/myteams/logging_client.h:130: MAJOR:C-F5
./libs/myteams/logging_client.h:158: MAJOR:C-F3
./libs/myteams/logging_client.h:205: MAJOR:C-F5
./libs/myteams/logging_client.h:384: MAJOR:C-F5
./libs/myteams/logging_client.h:430: MAJOR:C-F5
./libs/myteams/logging_server.h:1: MINOR:C-G1
./libs/myteams/logging_server.h:9: MINOR:C-G3
./libs/myteams/logging_server.h:54: MAJOR:C-F5
./libs/myteams/logging_server.h:93: MAJOR:C-F3
./server_side/client_handling/client.c:16: MINOR:C-L6
./server_side/client_handling/client.c:36: MINOR:C-L6
./server_side/client_handling/client.c:55: MAJOR:C-L1
./server_side/client_handling/client.c:63: MAJOR:C-C1
./server_side/client_handling/client.c:76: MINOR:C-L3
./server_side/client_handling/client.c:82: MINOR:C-L3
./server_side/client_handling/stop_client.c:28: MAJOR:C-C1
./server_side/commands/create_channel.c:46: MAJOR:C-C1
./server_side/commands/create_channel.c:47: MAJOR:C-C1
./server_side/commands/create_channel.c:57: MINOR:C-L2
./server_side/commands/create_channel.c:65: INFO:C-A3
./server_side/commands/create_client.c:22: MINOR:C-L2
./server_side/commands/create_client.c:33: MAJOR:C-C1
./server_side/commands/create_client.c:34: MAJOR:C-C1
./server_side/commands/create_client.c:50: MAJOR:C-C1
./server_side/commands/create_client.c:58: MINOR:C-L2
./server_side/commands/create_client.c:77: MINOR:C-L2
./server_side/commands/create_client.c:86: MAJOR:C-C1
./server_side/commands/create_teams.c:23: MAJOR:C-C1
./server_side/commands/create_teams.c:24: MAJOR:C-C1
./server_side/commands/create_teams.c:38: MINOR:C-L6
./server_side/commands/create_teams.c:44: MINOR:C-L2
./server_side/commands/create_teams.c:55: MINOR:C-L2
./server_side/commands/create_teams.c:66: MINOR:C-L2
./server_side/commands/disp_message.c:12: MINOR:C-L2
./server_side/commands/disp_message.c:36: MINOR:C-L6
./server_side/commands/disp_message.c:38: MINOR:C-L3
./server_side/commands/disp_message.c:46: MAJOR:C-C1
./server_side/commands/disp_message.c:47: MAJOR:C-C1
./server_side/commands/lists.c:19: MINOR:C-L6
./server_side/commands/lists.c:22: MAJOR:C-F3
./server_side/commands/lists.c:22: MINOR:C-L3
./server_side/commands/lists.c:30: MAJOR:C-C2
./server_side/commands/lists.c:43: MINOR:C-L6
./server_side/commands/lists.c:54: MAJOR:C-C2
./server_side/commands/lists.c:60: MINOR:C-L2
./server_side/commands/login_management.c:12: MINOR:C-L2
./server_side/commands/login_management.c:15: MINOR:C-L2
./server_side/commands/login_management.c:30: MINOR:C-L2
./server_side/commands/login_management.c:39: MAJOR:C-C1
./server_side/commands/login_management.c:81: MAJOR:C-F3
./server_side/commands/login_management.c:82: MAJOR:C-F4
./server_side/commands/send_message.c:18: MINOR:C-L6
./server_side/commands/send_message.c:20: MINOR:C-L3
./server_side/commands/send_message.c:30: MAJOR:C-C1
./server_side/commands/send_message.c:31: MAJOR:C-C1
./server_side/commands/send_message.c:33: MAJOR:C-F4
./server_side/commands/send_message.c:42: MAJOR:C-C1
./server_side/commands/send_message.c:55: MINOR:C-L6
./server_side/commands/send_message.c:59: MAJOR:C-C1
./server_side/commands/send_message.c:60: MAJOR:C-C1
./server_side/commands/send_message.c:71: MAJOR:C-F4
./server_side/commands/send_message.c:80: MAJOR:C-F3
./server_side/commands/subscribe.c:11: MAJOR:C-G4
./server_side/commands/subscribe.c:12: MAJOR:C-G4
./server_side/commands/subscribe.c:20: MINOR:C-L6
./server_side/commands/subscribe.c:22: MINOR:C-L3
./server_side/commands/subscribe.c:31: MAJOR:C-C1
./server_side/commands/subscribe.c:32: MAJOR:C-C1
./server_side/commands/subscribe.c:36: MAJOR:C-F4
./server_side/commands/subscribe.c:40: MINOR:C-L2
./server_side/commands/subscribe.c:58: MINOR:C-L2
./server_side/commands/subscribe.c:71: MINOR:C-L2
./server_side/commands/subscribe.c:77: MINOR:C-L6
./server_side/commands/subscribe.c:79: MINOR:C-L3
./server_side/commands/subscribe.c:86: MAJOR:C-C1
./server_side/commands/subscribe.c:87: MAJOR:C-C1
./server_side/commands/subscribe.c:96: MINOR:C-L2
./server_side/commands/subscribers.c:14: MINOR:C-L2
./server_side/commands/subscribers.c:22: MAJOR:C-C1
./server_side/commands/subscribers.c:28: MAJOR:C-C1
./server_side/commands/subscribers.c:43: MINOR:C-L6
./server_side/commands/subscribers.c:66: MAJOR:C-C1
./server_side/commands/subscribers.c:67: MAJOR:C-C1
./server_side/commands/subscribers.c:75: MINOR:C-L2
./server_side/commands/subscribers.c:84: MINOR:C-L2
./server_side/commands/unsubscribe.c:23: MINOR:C-L2
./server_side/commands/unsubscribe.c:31: MINOR:C-L6
./server_side/commands/unsubscribe.c:34: MINOR:C-L3
./server_side/commands/unsubscribe.c:35: MAJOR:C-C1
./server_side/commands/unsubscribe.c:36: MAJOR:C-C1
./server_side/commands/unsubscribe.c:36: MAJOR:C-F3
./server_side/commands/unsubscribe.c:39: MAJOR:C-C1
./server_side/commands/unsubscribe.c:39: MAJOR:C-F3
./server_side/commands/unsubscribe.c:39: MINOR:C-L3
./server_side/commands/unsubscribe.c:45: MAJOR:C-F4
./server_side/commands/unsubscribe.c:49: MINOR:C-L2
./server_side/commands/unsubscribe.c:54: MINOR:C-L6
./server_side/commands/unsubscribe.c:56: MINOR:C-L3
./server_side/commands/unsubscribe.c:58: MAJOR:C-C1
./server_side/commands/unsubscribe.c:59: MAJOR:C-C1
./server_side/commands/unsubscribe.c:61: MINOR:C-L3
./server_side/commands/unsubscribe.c:69: MINOR:C-L2
./server_side/commands/use.c:19: MINOR:C-L6
./server_side/commands/use.c:24: MAJOR:C-C1
./server_side/commands/use.c:25: MAJOR:C-C1
./server_side/commands/use.c:45: MAJOR:C-C1
./server_side/commands/use.c:46: MAJOR:C-C1
./server_side/commands/use.c:54: MINOR:C-L2
./server_side/commands/use.c:60: MAJOR:C-C1
./server_side/commands/use.c:61: MAJOR:C-C1
./server_side/commands/use.c:74: MINOR:C-L2
./server_side/commands/use.c:83: MAJOR:C-C1
./server_side/commands/use.c:86: MAJOR:C-C1
./server_side/commands/users.c:12: MINOR:C-L2
./server_side/commands/users.c:21: MINOR:C-L2
./server_side/commands/users.c:30: MINOR:C-L2
./server_side/commands/users.c:39: MINOR:C-L2
./server_side/init_structs.c:23: MINOR:C-L6
./server_side/saving_data/add_to_save.c:23: MAJOR:C-C1
./server_side/saving_data/add_to_save.c:26: MAJOR:C-C1
./server_side/saving_data/add_to_save.c:47: MAJOR:C-C1
./server_side/saving_data/add_to_save.c:48: MAJOR:C-C1
./server_side/saving_data/add_to_save.c:57: MAJOR:C-F4
./server_side/saving_data/client_save.c:20: MINOR:C-L6
./server_side/saving_data/client_save.c:42: MINOR:C-L6
./server_side/saving_data/client_save.c:49: MAJOR:C-L1
./server_side/saving_data/client_save.c:51: MAJOR:C-C2
./server_side/saving_data/client_save.c:67: MINOR:C-L6
./server_side/saving_data/client_save.c:69: MINOR:C-L3
./server_side/saving_data/client_save.c:77: MAJOR:C-C1
./server_side/saving_data/client_save.c:78: MAJOR:C-C1
./server_side/saving_data/client_save.c:82: MAJOR:C-F4
./server_side/saving_data/client_save.c:92: MINOR:C-L6
./server_side/saving_data/client_save.c:96: MAJOR:C-C1
./server_side/saving_data/client_search.c:16: MAJOR:C-C2
./server_side/saving_data/client_search.c:51: MINOR:C-L6
./server_side/saving_data/client_search.c:55: MAJOR:C-C1
./server_side/saving_data/client_search.c:56: MAJOR:C-C1
./server_side/saving_data/client_search.c:58: MINOR:C-L3
./server_side/saving_data/client_search.c:65: MAJOR:C-C2
./server_side/saving_data/client_search.c:66: MAJOR:C-F4
./server_side/server_start.c:72: INFO:C-A3
./utils/checker.c:18: MINOR:C-L3
./utils/checker.c:18: MINOR:C-L6
./utils/checker.c:20: MINOR:C-L3
./utils/get_next_line.c:26: MAJOR:C-L1
./utils/get_next_line.c:28: MAJOR:C-L1
./utils/get_next_line.c:38: MAJOR:C-L1
./utils/get_next_line.c:40: MAJOR:C-L1
./utils/get_next_line.c:54: MAJOR:C-L1
./utils/split_str_client.c:20: MAJOR:C-L1
./utils/split_str_client.c:59: MINOR:C-L6
./utils/split_str_client.c:60: MINOR:C-L6
./utils/split_str_client.c:77: MINOR:C-L6
./utils/split_str_client.c:78: MAJOR:C-L5
./utils/split_str_client.c:79: MAJOR:C-L5
./utils/split_str_client.c:90: MAJOR:C-C2
./utils/split_str_client.c:94: MAJOR:C-C2
./utils/split_str_quot.c:21: MAJOR:C-L1
./utils/split_str_quot.c:60: MINOR:C-L6
./utils/split_str_quot.c:61: MINOR:C-L6
./utils/split_str_quot.c:78: MINOR:C-L6
./utils/split_str_quot.c:79: MAJOR:C-L5
./utils/split_str_quot.c:80: MAJOR:C-L5
./utils/split_str_quot.c:91: MAJOR:C-C2
./utils/split_str_quot.c:95: MAJOR:C-C2
