Move 1:
Player1: 15,9
Time: 0.353ms
--------------------
--------------------
--------------------
--------------------
--------------------
--------------------
--------------------
--------------------
--------------------
--------------------
--------------------
--------------------
--------------------
--------------------
--------------------
---------O----------
--------------------
--------------------
--------------------
--------------------


Move 2:
Player2: 14,10
Time: 0.524ms
--------------------
--------------------
--------------------
--------------------
--------------------
--------------------
--------------------
--------------------
--------------------
--------------------
--------------------
--------------------
--------------------
--------------------
----------X---------
---------O----------
--------------------
--------------------
--------------------
--------------------


Move 3:
Player1: 14,9
Time: 0.359ms
--------------------
--------------------
--------------------
--------------------
--------------------
--------------------
--------------------
--------------------
--------------------
--------------------
--------------------
--------------------
--------------------
--------------------
---------OX---------
---------O----------
--------------------
--------------------
--------------------
--------------------


Move 4:
Player2: 15,10
Time: 0.733ms
--------------------
--------------------
--------------------
--------------------
--------------------
--------------------
--------------------
--------------------
--------------------
--------------------
--------------------
--------------------
--------------------
--------------------
---------OX---------
---------OX---------
--------------------
--------------------
--------------------
--------------------


Move 5:
Player1: 14,8
Time: 0.332ms
--------------------
--------------------
--------------------
--------------------
--------------------
--------------------
--------------------
--------------------
--------------------
--------------------
--------------------
--------------------
--------------------
--------------------
--------OOX---------
---------OX---------
--------------------
--------------------
--------------------
--------------------


Move 6:
Player2: 13,9
Time: 0.390ms
--------------------
--------------------
--------------------
--------------------
--------------------
--------------------
--------------------
--------------------
--------------------
--------------------
--------------------
--------------------
--------------------
---------X----------
--------OOX---------
---------OX---------
--------------------
--------------------
--------------------
--------------------


Move 7:
Player1: 15,8
Time: 0.367ms
--------------------
--------------------
--------------------
--------------------
--------------------
--------------------
--------------------
--------------------
--------------------
--------------------
--------------------
--------------------
--------------------
---------X----------
--------OOX---------
--------OOX---------
--------------------
--------------------
--------------------
--------------------


Move 8:
Player2: 13,10
Time: 0.590ms
--------------------
--------------------
--------------------
--------------------
--------------------
--------------------
--------------------
--------------------
--------------------
--------------------
--------------------
--------------------
--------------------
---------XX---------
--------OOX---------
--------OOX---------
--------------------
--------------------
--------------------
--------------------


Move 9:
Player1: 16,10
Time: 0.940ms
--------------------
--------------------
--------------------
--------------------
--------------------
--------------------
--------------------
--------------------
--------------------
--------------------
--------------------
--------------------
--------------------
---------XX---------
--------OOX---------
--------OOX---------
----------O---------
--------------------
--------------------
--------------------


Move 10:
Player2: 12,10
Time: 0.723ms
--------------------
--------------------
--------------------
--------------------
--------------------
--------------------
--------------------
--------------------
--------------------
--------------------
--------------------
--------------------
----------X---------
---------XX---------
--------OOX---------
--------OOX---------
----------O---------
--------------------
--------------------
--------------------


Move 11:
Player1: 11,10
Time: 1.170ms
--------------------
--------------------
--------------------
--------------------
--------------------
--------------------
--------------------
--------------------
--------------------
--------------------
--------------------
----------O---------
----------X---------
---------XX---------
--------OOX---------
--------OOX---------
----------O---------
--------------------
--------------------
--------------------


Move 12:
Player2: 13,7
Time: 0.715ms
--------------------
--------------------
--------------------
--------------------
--------------------
--------------------
--------------------
--------------------
--------------------
--------------------
--------------------
----------O---------
----------X---------
-------X-XX---------
--------OOX---------
--------OOX---------
----------O---------
--------------------
--------------------
--------------------


Move 13:
Player1: 17,11
Time: 0.739ms
--------------------
--------------------
--------------------
--------------------
--------------------
--------------------
--------------------
--------------------
--------------------
--------------------
--------------------
----------O---------
----------X---------
-------X-XX---------
--------OOX---------
--------OOX---------
----------O---------
-----------O--------
--------------------
--------------------


Move 14:
Player2: 18,12
Time: 0.720ms
--------------------
--------------------
--------------------
--------------------
--------------------
--------------------
--------------------
--------------------
--------------------
--------------------
--------------------
----------O---------
----------X---------
-------X-XX---------
--------OOX---------
--------OOX---------
----------O---------
-----------O--------
------------X-------
--------------------


Move 15:
Player1: 13,8
Time: 0.337ms
--------------------
--------------------
--------------------
--------------------
--------------------
--------------------
--------------------
--------------------
--------------------
--------------------
--------------------
----------O---------
----------X---------
-------XOXX---------
--------OOX---------
--------OOX---------
----------O---------
-----------O--------
------------X-------
--------------------


Move 16:
Player2: 12,8
Time: 0.584ms
--------------------
--------------------
--------------------
--------------------
--------------------
--------------------
--------------------
--------------------
--------------------
--------------------
--------------------
----------O---------
--------X-X---------
-------XOXX---------
--------OOX---------
--------OOX---------
----------O---------
-----------O--------
------------X-------
--------------------


Move 17:
Player1: 15,11
Time: 0.507ms
--------------------
--------------------
--------------------
--------------------
--------------------
--------------------
--------------------
--------------------
--------------------
--------------------
--------------------
----------O---------
--------X-X---------
-------XOXX---------
--------OOX---------
--------OOXO--------
----------O---------
-----------O--------
------------X-------
--------------------


Move 18:
Player2: 11,7
Time: 0.340ms
--------------------
--------------------
--------------------
--------------------
--------------------
--------------------
--------------------
--------------------
--------------------
--------------------
--------------------
-------X--O---------
--------X-X---------
-------XOXX---------
--------OOX---------
--------OOXO--------
----------O---------
-----------O--------
------------X-------
--------------------


Move 19:
Player1: 10,6
Time: 0.348ms
--------------------
--------------------
--------------------
--------------------
--------------------
--------------------
--------------------
--------------------
--------------------
--------------------
------O-------------
-------X--O---------
--------X-X---------
-------XOXX---------
--------OOX---------
--------OOXO--------
----------O---------
-----------O--------
------------X-------
--------------------


Move 20:
Player2: 16,8
Time: 0.413ms
--------------------
--------------------
--------------------
--------------------
--------------------
--------------------
--------------------
--------------------
--------------------
--------------------
------O-------------
-------X--O---------
--------X-X---------
-------XOXX---------
--------OOX---------
--------OOXO--------
--------X-O---------
-----------O--------
------------X-------
--------------------


Move 21:
Player1: 12,9
Time: 0.324ms
--------------------
--------------------
--------------------
--------------------
--------------------
--------------------
--------------------
--------------------
--------------------
--------------------
------O-------------
-------X--O---------
--------XOX---------
-------XOXX---------
--------OOX---------
--------OOXO--------
--------X-O---------
-----------O--------
------------X-------
--------------------


Move 22:
Player2: 14,7
Time: 0.376ms
--------------------
--------------------
--------------------
--------------------
--------------------
--------------------
--------------------
--------------------
--------------------
--------------------
------O-------------
-------X--O---------
--------XOX---------
-------XOXX---------
-------XOOX---------
--------OOXO--------
--------X-O---------
-----------O--------
------------X-------
--------------------


Move 23:
Player1: 10,11
Time: 0.315ms
--------------------
--------------------
--------------------
--------------------
--------------------
--------------------
--------------------
--------------------
--------------------
--------------------
------O----O--------
-------X--O---------
--------XOX---------
-------XOXX---------
-------XOOX---------
--------OOXO--------
--------X-O---------
-----------O--------
------------X-------
--------------------


Move 24:
Player2: 9,12
Time: 0.726ms
--------------------
--------------------
--------------------
--------------------
--------------------
--------------------
--------------------
--------------------
--------------------
------------X-------
------O----O--------
-------X--O---------
--------XOX---------
-------XOXX---------
-------XOOX---------
--------OOXO--------
--------X-O---------
-----------O--------
------------X-------
--------------------


Move 25:
Player1: 12,7
Time: 0.330ms
--------------------
--------------------
--------------------
--------------------
--------------------
--------------------
--------------------
--------------------
--------------------
------------X-------
------O----O--------
-------X--O---------
-------OXOX---------
-------XOXX---------
-------XOOX---------
--------OOXO--------
--------X-O---------
-----------O--------
------------X-------
--------------------


Move 26:
Player2: 11,6
Time: 0.392ms
--------------------
--------------------
--------------------
--------------------
--------------------
--------------------
--------------------
--------------------
--------------------
------------X-------
------O----O--------
------XX--O---------
-------OXOX---------
-------XOXX---------
-------XOOX---------
--------OOXO--------
--------X-O---------
-----------O--------
------------X-------
--------------------


Move 27:
Player1: 16,11
Time: 0.318ms
--------------------
--------------------
--------------------
--------------------
--------------------
--------------------
--------------------
--------------------
--------------------
------------X-------
------O----O--------
------XX--O---------
-------OXOX---------
-------XOXX---------
-------XOOX---------
--------OOXO--------
--------X-OO--------
-----------O--------
------------X-------
--------------------


Move 28:
Player2: 14,11
Time: 1.460ms
--------------------
--------------------
--------------------
--------------------
--------------------
--------------------
--------------------
--------------------
--------------------
------------X-------
------O----O--------
------XX--O---------
-------OXOX---------
-------XOXX---------
-------XOOXX--------
--------OOXO--------
--------X-OO--------
-----------O--------
------------X-------
--------------------


Move 29:
Player1: 18,11
Time: 0.709ms
--------------------
--------------------
--------------------
--------------------
--------------------
--------------------
--------------------
--------------------
--------------------
------------X-------
------O----O--------
------XX--O---------
-------OXOX---------
-------XOXX---------
-------XOOXX--------
--------OOXO--------
--------X-OO--------
-----------O--------
-----------OX-------
--------------------


Move 30:
Player2: 19,11
Time: 0.742ms
--------------------
--------------------
--------------------
--------------------
--------------------
--------------------
--------------------
--------------------
--------------------
------------X-------
------O----O--------
------XX--O---------
-------OXOX---------
-------XOXX---------
-------XOOXX--------
--------OOXO--------
--------X-OO--------
-----------O--------
-----------OX-------
-----------X--------


Move 31:
Player1: 16,9
Time: 0.389ms
--------------------
--------------------
--------------------
--------------------
--------------------
--------------------
--------------------
--------------------
--------------------
------------X-------
------O----O--------
------XX--O---------
-------OXOX---------
-------XOXX---------
-------XOOXX--------
--------OOXO--------
--------XOOO--------
-----------O--------
-----------OX-------
-----------X--------


Move 32:
Player2: 17,9
Time: 0.740ms
--------------------
--------------------
--------------------
--------------------
--------------------
--------------------
--------------------
--------------------
--------------------
------------X-------
------O----O--------
------XX--O---------
-------OXOX---------
-------XOXX---------
-------XOOXX--------
--------OOXO--------
--------XOOO--------
---------X-O--------
-----------OX-------
-----------X--------


Move 33:
Player1: 16,12
Time: 0.322ms
--------------------
--------------------
--------------------
--------------------
--------------------
--------------------
--------------------
--------------------
--------------------
------------X-------
------O----O--------
------XX--O---------
-------OXOX---------
-------XOXX---------
-------XOOXX--------
--------OOXO--------
--------XOOOO-------
---------X-O--------
-----------OX-------
-----------X--------


Move 34:
Player2: 16,13
Time: 0.729ms
--------------------
--------------------
--------------------
--------------------
--------------------
--------------------
--------------------
--------------------
--------------------
------------X-------
------O----O--------
------XX--O---------
-------OXOX---------
-------XOXX---------
-------XOOXX--------
--------OOXO--------
--------XOOOOX------
---------X-O--------
-----------OX-------
-----------X--------


Move 35:
Player1: 15,7
Time: 0.323ms
--------------------
--------------------
--------------------
--------------------
--------------------
--------------------
--------------------
--------------------
--------------------
------------X-------
------O----O--------
------XX--O---------
-------OXOX---------
-------XOXX---------
-------XOOXX--------
-------OOOXO--------
--------XOOOOX------
---------X-O--------
-----------OX-------
-----------X--------


Move 36:
Player2: 15,6
Time: 0.739ms
--------------------
--------------------
--------------------
--------------------
--------------------
--------------------
--------------------
--------------------
--------------------
------------X-------
------O----O--------
------XX--O---------
-------OXOX---------
-------XOXX---------
-------XOOXX--------
------XOOOXO--------
--------XOOOOX------
---------X-O--------
-----------OX-------
-----------X--------


Move 37:
Player1: 17,10
Time: 0.313ms
--------------------
--------------------
--------------------
--------------------
--------------------
--------------------
--------------------
--------------------
--------------------
------------X-------
------O----O--------
------XX--O---------
-------OXOX---------
-------XOXX---------
-------XOOXX--------
------XOOOXO--------
--------XOOOOX------
---------XOO--------
-----------OX-------
-----------X--------


Move 38:
Player2: 19,12
Time: 0.718ms
--------------------
--------------------
--------------------
--------------------
--------------------
--------------------
--------------------
--------------------
--------------------
------------X-------
------O----O--------
------XX--O---------
-------OXOX---------
-------XOXX---------
-------XOOXX--------
------XOOOXO--------
--------XOOOOX------
---------XOO--------
-----------OX-------
-----------XX-------


Move 39:
Player1: 18,10
Time: 0.313ms
--------------------
--------------------
--------------------
--------------------
--------------------
--------------------
--------------------
--------------------
--------------------
------------X-------
------O----O--------
------XX--O---------
-------OXOX---------
-------XOXX---------
-------XOOXX--------
------XOOOXO--------
--------XOOOOX------
---------XOO--------
----------OOX-------
-----------XX-------


Move 40:
Player2: 15,13
Time: 1.023ms
--------------------
--------------------
--------------------
--------------------
--------------------
--------------------
--------------------
--------------------
--------------------
------------X-------
------O----O--------
------XX--O---------
-------OXOX---------
-------XOXX---------
-------XOOXX--------
------XOOOXO-X------
--------XOOOOX------
---------XOO--------
----------OOX-------
-----------XX-------


Move 41:
Player1: 18,9
Time: 0.347ms
--------------------
--------------------
--------------------
--------------------
--------------------
--------------------
--------------------
--------------------
--------------------
------------X-------
------O----O--------
------XX--O---------
-------OXOX---------
-------XOXX---------
-------XOOXX--------
------XOOOXO-X------
--------XOOOOX------
---------XOO--------
---------OOOX-------
-----------XX-------


Move 42:
Player2: 15,12
Time: 0.344ms
--------------------
--------------------
--------------------
--------------------
--------------------
--------------------
--------------------
--------------------
--------------------
------------X-------
------O----O--------
------XX--O---------
-------OXOX---------
-------XOXX---------
-------XOOXX--------
------XOOOXOXX------
--------XOOOOX------
---------XOO--------
---------OOOX-------
-----------XX-------


Move 43:
Player1: 17,14
Time: 0.330ms
--------------------
--------------------
--------------------
--------------------
--------------------
--------------------
--------------------
--------------------
--------------------
------------X-------
------O----O--------
------XX--O---------
-------OXOX---------
-------XOXX---------
-------XOOXX--------
------XOOOXOXX------
--------XOOOOX------
---------XOO--O-----
---------OOOX-------
-----------XX-------


Move 44:
Player2: 18,8
Time: 0.320ms
--------------------
--------------------
--------------------
--------------------
--------------------
--------------------
--------------------
--------------------
--------------------
------------X-------
------O----O--------
------XX--O---------
-------OXOX---------
-------XOXX---------
-------XOOXX--------
------XOOOXOXX------
--------XOOOOX------
---------XOO--O-----
--------XOOOX-------
-----------XX-------


Move 45:
Player1: 17,13
Time: 0.303ms
--------------------
--------------------
--------------------
--------------------
--------------------
--------------------
--------------------
--------------------
--------------------
------------X-------
------O----O--------
------XX--O---------
-------OXOX---------
-------XOXX---------
-------XOOXX--------
------XOOOXOXX------
--------XOOOOX------
---------XOO-OO-----
--------XOOOX-------
-----------XX-------


Move 46:
Player2: 17,12
Time: 0.293ms
--------------------
--------------------
--------------------
--------------------
--------------------
--------------------
--------------------
--------------------
--------------------
------------X-------
------O----O--------
------XX--O---------
-------OXOX---------
-------XOXX---------
-------XOOXX--------
------XOOOXOXX------
--------XOOOOX------
---------XOOXOO-----
--------XOOOX-------
-----------XX-------


Move 47:
Player1: 18,14
Time: 0.314ms
--------------------
--------------------
--------------------
--------------------
--------------------
--------------------
--------------------
--------------------
--------------------
------------X-------
------O----O--------
------XX--O---------
-------OXOX---------
-------XOXX---------
-------XOOXX--------
------XOOOXOXX------
--------XOOOOX------
---------XOOXOO-----
--------XOOOX-O-----
-----------XX-------


Move 48:
Player2: 19,15
Time: 0.305ms
--------------------
--------------------
--------------------
--------------------
--------------------
--------------------
--------------------
--------------------
--------------------
------------X-------
------O----O--------
------XX--O---------
-------OXOX---------
-------XOXX---------
-------XOOXX--------
------XOOOXOXX------
--------XOOOOX------
---------XOOXOO-----
--------XOOOX-O-----
-----------XX--X----


Move 49:
Player1: 15,14
Time: 0.302ms
--------------------
--------------------
--------------------
--------------------
--------------------
--------------------
--------------------
--------------------
--------------------
------------X-------
------O----O--------
------XX--O---------
-------OXOX---------
-------XOXX---------
-------XOOXX--------
------XOOOXOXXO-----
--------XOOOOX------
---------XOOXOO-----
--------XOOOX-O-----
-----------XX--X----


Move 50:
Player2: 16,14
Time: 0.291ms
--------------------
--------------------
--------------------
--------------------
--------------------
--------------------
--------------------
--------------------
--------------------
------------X-------
------O----O--------
------XX--O---------
-------OXOX---------
-------XOXX---------
-------XOOXX--------
------XOOOXOXXO-----
--------XOOOOXX-----
---------XOOXOO-----
--------XOOOX-O-----
-----------XX--X----


Move 51:
Player1: 14,12
Time: 0.304ms
--------------------
--------------------
--------------------
--------------------
--------------------
--------------------
--------------------
--------------------
--------------------
------------X-------
------O----O--------
------XX--O---------
-------OXOX---------
-------XOXX---------
-------XOOXXO-------
------XOOOXOXXO-----
--------XOOOOXX-----
---------XOOXOO-----
--------XOOOX-O-----
-----------XX--X----


Move 52:
Player2: 13,13
Time: 0.300ms
--------------------
--------------------
--------------------
--------------------
--------------------
--------------------
--------------------
--------------------
--------------------
------------X-------
------O----O--------
------XX--O---------
-------OXOX---------
-------XOXX--X------
-------XOOXXO-------
------XOOOXOXXO-----
--------XOOOOXX-----
---------XOOXOO-----
--------XOOOX-O-----
-----------XX--X----


Move 53:
Player1: 18,13
Time: 0.291ms
--------------------
--------------------
--------------------
--------------------
--------------------
--------------------
--------------------
--------------------
--------------------
------------X-------
------O----O--------
------XX--O---------
-------OXOX---------
-------XOXX--X------
-------XOOXXO-------
------XOOOXOXXO-----
--------XOOOOXX-----
---------XOOXOO-----
--------XOOOXOO-----
-----------XX--X----


Move 54:
Player2: 13,11
Time: 0.298ms
--------------------
--------------------
--------------------
--------------------
--------------------
--------------------
--------------------
--------------------
--------------------
------------X-------
------O----O--------
------XX--O---------
-------OXOX---------
-------XOXXX-X------
-------XOOXXO-------
------XOOOXOXXO-----
--------XOOOOXX-----
---------XOOXOO-----
--------XOOOXOO-----
-----------XX--X----


Move 55:
Player1: 13,12
Time: 0.298ms
--------------------
--------------------
--------------------
--------------------
--------------------
--------------------
--------------------
--------------------
--------------------
------------X-------
------O----O--------
------XX--O---------
-------OXOX---------
-------XOXXXOX------
-------XOOXXO-------
------XOOOXOXXO-----
--------XOOOOXX-----
---------XOOXOO-----
--------XOOOXOO-----
-----------XX--X----


Move 56:
Player2: 11,9
Time: 0.287ms
--------------------
--------------------
--------------------
--------------------
--------------------
--------------------
--------------------
--------------------
--------------------
------------X-------
------O----O--------
------XX-XO---------
-------OXOX---------
-------XOXXXOX------
-------XOOXXO-------
------XOOOXOXXO-----
--------XOOOOXX-----
---------XOOXOO-----
--------XOOOXOO-----
-----------XX--X----


Move 57:
Player1: 10,10
Time: 0.285ms
--------------------
--------------------
--------------------
--------------------
--------------------
--------------------
--------------------
--------------------
--------------------
------------X-------
------O---OO--------
------XX-XO---------
-------OXOX---------
-------XOXXXOX------
-------XOOXXO-------
------XOOOXOXXO-----
--------XOOOOXX-----
---------XOOXOO-----
--------XOOOXOO-----
-----------XX--X----


Move 58:
Player2: 14,6
Time: 0.283ms
--------------------
--------------------
--------------------
--------------------
--------------------
--------------------
--------------------
--------------------
--------------------
------------X-------
------O---OO--------
------XX-XO---------
-------OXOX---------
-------XOXXXOX------
------XXOOXXO-------
------XOOOXOXXO-----
--------XOOOOXX-----
---------XOOXOO-----
--------XOOOXOO-----
-----------XX--X----


Move 59:
Player1: 15,5
Time: 0.290ms
--------------------
--------------------
--------------------
--------------------
--------------------
--------------------
--------------------
--------------------
--------------------
------------X-------
------O---OO--------
------XX-XO---------
-------OXOX---------
-------XOXXXOX------
------XXOOXXO-------
-----OXOOOXOXXO-----
--------XOOOOXX-----
---------XOOXOO-----
--------XOOOXOO-----
-----------XX--X----


Move 60:
Player2: 10,8
Time: 0.288ms
--------------------
--------------------
--------------------
--------------------
--------------------
--------------------
--------------------
--------------------
--------------------
------------X-------
------O-X-OO--------
------XX-XO---------
-------OXOX---------
-------XOXXXOX------
------XXOOXXO-------
-----OXOOOXOXXO-----
--------XOOOOXX-----
---------XOOXOO-----
--------XOOOXOO-----
-----------XX--X----


Move 61:
Player1: 9,7
Time: 0.502ms
--------------------
--------------------
--------------------
--------------------
--------------------
--------------------
--------------------
--------------------
--------------------
-------O----X-------
------O-X-OO--------
------XX-XO---------
-------OXOX---------
-------XOXXXOX------
------XXOOXXO-------
-----OXOOOXOXXO-----
--------XOOOOXX-----
---------XOOXOO-----
--------XOOOXOO-----
-----------XX--X----


Move 62:
Player2: 11,8
Time: 0.343ms
--------------------
--------------------
--------------------
--------------------
--------------------
--------------------
--------------------
--------------------
--------------------
-------O----X-------
------O-X-OO--------
------XXXXO---------
-------OXOX---------
-------XOXXXOX------
------XXOOXXO-------
-----OXOOOXOXXO-----
--------XOOOOXX-----
---------XOOXOO-----
--------XOOOXOO-----
-----------XX--X----


Move 63:
Player1: 11,5
Time: 0.318ms
--------------------
--------------------
--------------------
--------------------
--------------------
--------------------
--------------------
--------------------
--------------------
-------O----X-------
------O-X-OO--------
-----OXXXXO---------
-------OXOX---------
-------XOXXXOX------
------XXOOXXO-------
-----OXOOOXOXXO-----
--------XOOOOXX-----
---------XOOXOO-----
--------XOOOXOO-----
-----------XX--X----


Move 64:
Player2: 9,8
Time: 0.347ms
--------------------
--------------------
--------------------
--------------------
--------------------
--------------------
--------------------
--------------------
--------------------
-------OX---X-------
------O-X-OO--------
-----OXXXXO---------
-------OXOX---------
-------XOXXXOX------
------XXOOXXO-------
-----OXOOOXOXXO-----
--------XOOOOXX-----
---------XOOXOO-----
--------XOOOXOO-----
-----------XX--X----


Move 65:
Player1: 8,8
Time: 0.291ms
--------------------
--------------------
--------------------
--------------------
--------------------
--------------------
--------------------
--------------------
--------O-----------
-------OX---X-------
------O-X-OO--------
-----OXXXXO---------
-------OXOX---------
-------XOXXXOX------
------XXOOXXO-------
-----OXOOOXOXXO-----
--------XOOOOXX-----
---------XOOXOO-----
--------XOOOXOO-----
-----------XX--X----


Move 66:
Player2: 7,9
Time: 0.281ms
--------------------
--------------------
--------------------
--------------------
--------------------
--------------------
--------------------
---------X----------
--------O-----------
-------OX---X-------
------O-X-OO--------
-----OXXXXO---------
-------OXOX---------
-------XOXXXOX------
------XXOOXXO-------
-----OXOOOXOXXO-----
--------XOOOOXX-----
---------XOOXOO-----
--------XOOOXOO-----
-----------XX--X----


Move 67:
Player1: 12,4
Time: 0.288ms
--------------------
--------------------
--------------------
--------------------
--------------------
--------------------
--------------------
---------X----------
--------O-----------
-------OX---X-------
------O-X-OO--------
-----OXXXXO---------
----O--OXOX---------
-------XOXXXOX------
------XXOOXXO-------
-----OXOOOXOXXO-----
--------XOOOOXX-----
---------XOOXOO-----
--------XOOOXOO-----
-----------XX--X----


