./my_paint:1: MAJOR:C-O1
./src/draw.c:29: MINOR:C-F2
./src/draw.c:32: MAJOR:C-F3
./src/draw.c:33: MAJOR:C-F3
./src/draw.c:47: MAJOR:C-F3
./src/draw.c:48: MAJOR:C-F3
./src/draw.c:49: MAJOR:C-C1
./src/draw.c:49: MAJOR:C-F3
./src/events.c:13: MAJOR:C-C1
./src/events.c:20: MINOR:C-F8
./src/events.c:25: MINOR:C-F8
./src/events.c:30: MINOR:C-F8
./src/events.c:31: MAJOR:C-F4
./src/events.c:32: MAJOR:C-F4
./src/events.c:33: MAJOR:C-F4
./src/events.c:34: MAJOR:C-F4
./src/events.c:35: MAJOR:C-F4
./src/events.c:36: MAJOR:C-F4
./src/events.c:37: MAJOR:C-F4
./src/events.c:38: MAJOR:C-F4
./src/events.c:39: MAJOR:C-F4
./src/events.c:40: MAJOR:C-F4
./src/events.c:41: MAJOR:C-F4
./src/events.c:42: MAJOR:C-F4
./src/events.c:43: MAJOR:C-F4
./src/events.c:43: MINOR:C-L3
./src/events.c:44: MAJOR:C-F4
./src/events.c:45: MAJOR:C-F4
./src/events.c:46: MAJOR:C-F4
./src/events.c:47: MAJOR:C-F4
./src/events.c:48: MAJOR:C-F4
./src/events.c:84: MINOR:C-L3
./src/events.c:89: MAJOR:C-C1
./src/events.c:91: MAJOR:C-F4
./src/events.c:92: MAJOR:C-F4
./src/events.c:93: MAJOR:C-F4
./src/events.c:94: MAJOR:C-F4
./src/events.c:95: MAJOR:C-F4
./src/events.c:96: MAJOR:C-F4
./src/events.c:97: MAJOR:C-F4
./src/events.c:98: MAJOR:C-F4
./src/events.c:99: MAJOR:C-F4
./src/events.c:100: MAJOR:C-F4
./src/events.c:101: MAJOR:C-F4
./src/events.c:102: MAJOR:C-F4
./src/events.c:103: MAJOR:C-F4
./src/events.c:104: MAJOR:C-F4
./src/events.c:105: MAJOR:C-F4
./src/events.c:106: MAJOR:C-F4
./src/init/buttons.c:16: MAJOR:C-F3
./src/init/buttons.c:16: MINOR:C-F8
./src/init/buttons.c:17: MINOR:C-F8
./src/init/buttons.c:40: MAJOR:C-F3
./src/init/colors.c:16: MAJOR:C-F3
./src/init/colors.c:17: MAJOR:C-F3
./src/init/colors.c:36: MAJOR:C-F3
./src/init/side_menu.c:86: MAJOR:C-F3
./src/init/side_menu.c:100: MAJOR:C-F4
./src/init/side_menu.c:101: MAJOR:C-F4
./src/init/side_menu.c:102: MAJOR:C-F4
./src/init/structs.c:12: MINOR:C-G7
./src/init/structs.c:73: MINOR:C-F8
./src/init/tools_editing.c:80: MAJOR:C-F3
./src/init/tools_editing.c:83: MAJOR:C-F3
./src/init/tools_editing.c:85: MAJOR:C-F3
./src/main.c:34: MAJOR:C-C1
./src/main.c:35: MAJOR:C-F3
./src/main.c:36: MAJOR:C-F3
./src/main.c:38: MAJOR:C-C1
./src/main.c:39: MAJOR:C-F3
./src/side_menu.c:24: MAJOR:C-F3
./src/side_menu.c:29: MAJOR:C-F3
./src/side_menu.c:39: MAJOR:C-F3
./src/side_menu.c:45: MAJOR:C-F3
